0 info it worked if it ends with ok
1 verbose cli [ 'node', '/usr/local/bin/npm', 'install', '-g', 'cordova' ]
2 info using npm@1.3.11
3 info using node@v0.10.20
4 verbose cache add [ 'cordova', null ]
5 verbose cache add name=undefined spec="cordova" args=["cordova",null]
6 verbose parsed url { protocol: null,
6 verbose parsed url   slashes: null,
6 verbose parsed url   auth: null,
6 verbose parsed url   host: null,
6 verbose parsed url   port: null,
6 verbose parsed url   hostname: null,
6 verbose parsed url   hash: null,
6 verbose parsed url   search: null,
6 verbose parsed url   query: null,
6 verbose parsed url   pathname: 'cordova',
6 verbose parsed url   path: 'cordova',
6 verbose parsed url   href: 'cordova' }
7 silly lockFile a98f2055-cordova cordova
8 verbose lock cordova /Users/evilz/.npm/a98f2055-cordova.lock
9 silly lockFile a98f2055-cordova cordova
10 silly lockFile a98f2055-cordova cordova
11 verbose addNamed [ 'cordova', '' ]
12 verbose addNamed [ null, '*' ]
13 silly lockFile de8d9fad-cordova cordova@
14 verbose lock cordova@ /Users/evilz/.npm/de8d9fad-cordova.lock
15 silly addNameRange { name: 'cordova', range: '*', hasData: false }
16 verbose url raw cordova
17 verbose url resolving [ 'https://registry.npmjs.org/', './cordova' ]
18 verbose url resolved https://registry.npmjs.org/cordova
19 info trying registry request attempt 1 at 22:50:03
20 http GET https://registry.npmjs.org/cordova
21 http 200 https://registry.npmjs.org/cordova
22 silly registry.get cb [ 200,
22 silly registry.get   { vary: 'Accept',
22 silly registry.get     server: 'CouchDB/1.3.1 (Erlang OTP/R15B03)',
22 silly registry.get     etag: '"O6OSN7WDK639HVP0V5PT7KJ9"',
22 silly registry.get     date: 'Sat, 19 Oct 2013 20:50:09 GMT',
22 silly registry.get     'content-type': 'application/json',
22 silly registry.get     'content-length': '1168758' } ]
23 silly addNameRange number 2 { name: 'cordova', range: '*', hasData: true }
24 silly addNameRange versions [ 'cordova',
24 silly addNameRange   [ '0.0.1',
24 silly addNameRange     '0.0.2',
24 silly addNameRange     '0.0.3',
24 silly addNameRange     '0.0.4',
24 silly addNameRange     '0.0.5',
24 silly addNameRange     '0.0.6',
24 silly addNameRange     '0.0.7',
24 silly addNameRange     '0.0.8',
24 silly addNameRange     '0.0.9',
24 silly addNameRange     '0.1.0',
24 silly addNameRange     '0.1.1',
24 silly addNameRange     '0.1.2',
24 silly addNameRange     '0.1.3',
24 silly addNameRange     '0.1.4',
24 silly addNameRange     '0.1.5',
24 silly addNameRange     '0.1.6',
24 silly addNameRange     '0.1.7',
24 silly addNameRange     '0.1.8',
24 silly addNameRange     '0.1.9',
24 silly addNameRange     '0.1.10',
24 silly addNameRange     '0.1.11',
24 silly addNameRange     '0.1.12',
24 silly addNameRange     '0.1.13',
24 silly addNameRange     '0.1.14',
24 silly addNameRange     '2.2.0',
24 silly addNameRange     '2.3.0',
24 silly addNameRange     '2.3.1',
24 silly addNameRange     '2.3.2',
24 silly addNameRange     '2.3.3',
24 silly addNameRange     '2.3.5',
24 silly addNameRange     '2.3.6',
24 silly addNameRange     '2.4.0',
24 silly addNameRange     '2.4.1',
24 silly addNameRange     '2.4.2',
24 silly addNameRange     '2.4.3',
24 silly addNameRange     '2.4.4',
24 silly addNameRange     '2.4.5',
24 silly addNameRange     '2.4.6',
24 silly addNameRange     '2.4.7',
24 silly addNameRange     '2.4.8',
24 silly addNameRange     '2.4.9',
24 silly addNameRange     '2.4.10',
24 silly addNameRange     '2.5.0',
24 silly addNameRange     '2.5.2',
24 silly addNameRange     '2.5.3',
24 silly addNameRange     '2.5.4',
24 silly addNameRange     '2.5.5',
24 silly addNameRange     '2.6.0',
24 silly addNameRange     '2.6.1',
24 silly addNameRange     '2.6.2',
24 silly addNameRange     '2.7.0-rc.1',
24 silly addNameRange     '2.7.1-rc.1',
24 silly addNameRange     '2.7.2',
24 silly addNameRange     '2.7.3',
24 silly addNameRange     '2.7.4',
24 silly addNameRange     '2.8.0',
24 silly addNameRange     '2.8.1',
24 silly addNameRange     '2.8.2',
24 silly addNameRange     '2.8.3',
24 silly addNameRange     '2.8.4',
24 silly addNameRange     '2.8.5',
24 silly addNameRange     '2.8.6',
24 silly addNameRange     '2.8.7',
24 silly addNameRange     '2.8.8',
24 silly addNameRange     '2.8.9',
24 silly addNameRange     '2.8.10',
24 silly addNameRange     '2.8.11',
24 silly addNameRange     '2.8.12',
24 silly addNameRange     '2.8.13',
24 silly addNameRange     '2.8.14',
24 silly addNameRange     '2.8.15',
24 silly addNameRange     '2.8.16',
24 silly addNameRange     '2.8.17',
24 silly addNameRange     '2.8.18',
24 silly addNameRange     '2.8.19',
24 silly addNameRange     '2.8.20',
24 silly addNameRange     '2.8.21',
24 silly addNameRange     '2.8.22',
24 silly addNameRange     '2.8.23',
24 silly addNameRange     '2.8.24',
24 silly addNameRange     '2.8.25',
24 silly addNameRange     '2.9.0',
24 silly addNameRange     '2.9.1',
24 silly addNameRange     '2.9.2',
24 silly addNameRange     '2.9.3',
24 silly addNameRange     '2.9.4',
24 silly addNameRange     '2.9.5',
24 silly addNameRange     '2.9.6',
24 silly addNameRange     '2.9.7',
24 silly addNameRange     '3.0.0-rc1',
24 silly addNameRange     '3.0.0-rc1-1',
24 silly addNameRange     '3.0.0-rc1-3',
24 silly addNameRange     '3.0.0',
24 silly addNameRange     '3.0.1',
24 silly addNameRange     '3.0.2',
24 silly addNameRange     '3.0.3',
24 silly addNameRange     '3.0.4',
24 silly addNameRange     '3.0.5',
24 silly addNameRange     '3.0.6',
24 silly addNameRange     '3.0.7',
24 silly addNameRange     '3.0.8',
24 silly addNameRange     '3.0.9',
24 silly addNameRange     '3.0.10',
24 silly addNameRange     '3.1.0-0.1.0',
24 silly addNameRange     '2.9.0-rc1' ] ]
25 verbose addNamed [ 'cordova', '3.1.0-0.1.0' ]
26 verbose addNamed [ '3.1.0-0.1.0', '3.1.0-0.1.0' ]
27 silly lockFile 72286232-cordova-3-1-0-0-1-0 cordova@3.1.0-0.1.0
28 verbose lock cordova@3.1.0-0.1.0 /Users/evilz/.npm/72286232-cordova-3-1-0-0-1-0.lock
29 silly lockFile 72286232-cordova-3-1-0-0-1-0 cordova@3.1.0-0.1.0
30 silly lockFile 72286232-cordova-3-1-0-0-1-0 cordova@3.1.0-0.1.0
31 silly lockFile de8d9fad-cordova cordova@
32 silly lockFile de8d9fad-cordova cordova@
33 silly resolved [ { name: 'cordova',
33 silly resolved     version: '3.1.0-0.1.0',
33 silly resolved     preferGlobal: 'true',
33 silly resolved     description: 'Cordova command line interface tool',
33 silly resolved     main: 'cordova',
33 silly resolved     engines: { node: '>=0.9.9' },
33 silly resolved     engineStrict: true,
33 silly resolved     bin: { cordova: './bin/cordova' },
33 silly resolved     scripts: { test: 'jasmine-node --color spec' },
33 silly resolved     repository:
33 silly resolved      { type: 'git',
33 silly resolved        url: 'https://git-wip-us.apache.org/repos/asf/cordova-cli.git' },
33 silly resolved     bugs:
33 silly resolved      { url: 'https://issues.apache.org/jira/browse/CB',
33 silly resolved        email: 'dev@cordova.apache.org' },
33 silly resolved     keywords: [ 'cordova', 'client', 'cli' ],
33 silly resolved     dependencies:
33 silly resolved      { colors: '>=0.6.0',
33 silly resolved        elementtree: '0.1.5',
33 silly resolved        plugman: '0.13.x',
33 silly resolved        plist: '0.4.x',
33 silly resolved        xcode: '0.5.1',
33 silly resolved        express: '3.0.0',
33 silly resolved        shelljs: '0.1.2',
33 silly resolved        ncallbacks: '1.0.0',
33 silly resolved        request: '2.22.0',
33 silly resolved        'ripple-emulator': '0.9.18',
33 silly resolved        semver: '1.1.0',
33 silly resolved        glob: '3.2.x',
33 silly resolved        'follow-redirects': '0.0.x',
33 silly resolved        prompt: '0.2.7',
33 silly resolved        tar: '0.1.x',
33 silly resolved        open: '0.0.3',
33 silly resolved        npm: '1.3.x',
33 silly resolved        optimist: '0.6.0',
33 silly resolved        mime: '~1.2.11' },
33 silly resolved     devDependencies: { 'jasmine-node': '1.8.x' },
33 silly resolved     author: { name: 'Anis Kadri' },
33 silly resolved     contributors:
33 silly resolved      [ [Object],
33 silly resolved        [Object],
33 silly resolved        [Object],
33 silly resolved        [Object],
33 silly resolved        [Object],
33 silly resolved        [Object],
33 silly resolved        [Object],
33 silly resolved        [Object],
33 silly resolved        [Object],
33 silly resolved        [Object],
33 silly resolved        [Object],
33 silly resolved        [Object],
33 silly resolved        [Object],
33 silly resolved        [Object],
33 silly resolved        [Object],
33 silly resolved        [Object],
33 silly resolved        [Object],
33 silly resolved        [Object],
33 silly resolved        [Object],
33 silly resolved        [Object],
33 silly resolved        [Object],
33 silly resolved        [Object],
33 silly resolved        [Object] ],
33 silly resolved     license: 'Apache version 2.0',
33 silly resolved     readme: '<!--\n#\n# Licensed to the Apache Software Foundation (ASF) under one\n# or more contributor license agreements.  See the NOTICE file\n# distributed with this work for additional information\n# regarding copyright ownership.  The ASF licenses this file\n# to you under the Apache License, Version 2.0 (the\n# "License"); you may not use this file except in compliance\n# with the License.  You may obtain a copy of the License at\n# \n# http://www.apache.org/licenses/LICENSE-2.0\n# \n# Unless required by applicable law or agreed to in writing,\n# software distributed under the License is distributed on an\n# "AS IS" BASIS, WITHOUT WARRANTIES OR CONDITIONS OF ANY\n#  KIND, either express or implied.  See the License for the\n# specific language governing permissions and limitations\n# under the License.\n#\n-->\n# cordova-cli\n\n> The command line tool to build, deploy and manage [Cordova](http://cordova.io)-based applications.\n\n[Apache Cordova](http://cordova.io) allows for building native mobile applications using HTML, CSS and JavaScript. This tool helps with management of multi-platform Cordova applications as well as Cordova plugin integration.\n\nCheck out the [Getting Started guides](http://cordova.apache.org/docs/en/edge/guide_getting-started_index.md.html#Getting%20Started%20Guides) for more details on how to work with Cordova sub-projects.\n\n# Supported Platforms\n\n- Android\n- BlackBerry 10\n- iOS\n- Windows Phone 7 &amp; 8\n\n# Requirements\n\n* [nodejs](http://nodejs.org/)\n* SDKs for every platform you wish to support\n  - BlackBerry 10: [BlackBerry 10 WebWorks SDK](http://developer.blackberry.com/html5/download/). Make sure you have the `dependencies/tools/bin` folder inside the SDK directory added to your path!\n  - iOS: [iOS SDK](http://developer.apple.com) with the latest Xcode and Xcode Command Line Tools\n  - [Android SDK](http://developer.android.com) - **NOTE** This tool\n    will not work unless you have the absolute latest updates for all\n    Android SDK components. Also you will need the SDK\'s `tools` and `platform-tools` directories on your __system path__ otherwise Android support will fail.\n  - [Windows Phone SDK](http://dev.windowsphone.com/en-us/downloadsdk) - **NOTE** This tool will not work unless you have `msbuild` on your __system path__ otherwise Windows Phone support will fail (`msbuild.exe` is generally located in `C:\\Windows\\Microsoft.NET\\Framework\\v4.0.30319`).\n\ncordova-cli has been tested on Mas OS X, Linux, Windows 7 and Windows 8.\n\n# Install\n\n    npm install -g cordova\n\n# Getting Started\n\ncordova-cli has a single global `create` command that creates new cordova projects into a specified directory. Once you create a project, `cd` into it and you can execute a variety of project-level commands. Completely inspired by git\'s interface.\n\n## Global Command\n\n- `create <directory> [<id> [<name>]]` create a new cordova project with optional name and id (package name, reverse-domain style)\n\n<a name="project_commands" />\n## Project Commands\n\n- `platform [ls | list]` list all platforms the project will build to\n- `platform add <platform> [<platform> ...]` add one (or more) platforms as a build target for the project\n- `platform [rm | remove] <platform> [<platform> ...]` removes one (or more) platforms as a build target for the project\n- `plugin [ls | list]` list all plugins added to the project\n- `plugin add <path-to-plugin> [<path-to-plugin> ...]` add one (or more) plugins to the project\n- `plugin [rm | remove] <plugin-name> [<plugin-name> ...]` remove one (or more) added plugins\n- `prepare [platform...]` copies files into the specified platforms, or all platforms. it is then ready for building by Eclipse/Xcode/etc.\n- `compile [platform...]` compiles the app into a binary for each added platform. With no parameters, builds for all platforms, otherwise builds for the specified platforms.\n- `build [<platform> [<platform> [...]]]` an alias for `cordova prepare` followed by `cordova compile`\n- `emulate [<platform> [<platform> [...]]]` launch emulators and deploy app to them. With no parameters emulates for all platforms added to the project, otherwise emulates for the specified platforms\n- `serve <platform> [port]` launch a local web server for that platform\'s www directory on the given port (default 8000).\n\n### Optional Flags\n\n- `-d` or `--verbose` will pipe out more verbose output to your shell. You can also subscribe to `log` and `warn` events if you are consuming cordova-cli as a node module by calling `cordova.on(\'log\', function() {})` or `cordova.on(\'warn\', function() {})`.\n- `-v` or `--version` will print out the version of your cordova-cli install.\n\n# Project Directory Structure\nA Cordova application built with cordova-cli will have the following directory structure:\n\n    myApp/\n    |--.cordova/\n    |-- merges/\n    | | |-- android/\n    | | |-- blackberry10/\n    | | `-- ios/\n    |-- www/\n    | `-- config.xml\n    |-- platforms/\n    | |-- android/\n    | |-- blackberry10/\n    | `-- ios/\n    `-- plugins/\n\n## .cordova/\nThis directory identifies a tree as a cordova project. Simple configuration information is stored in here (such as BlackBerry environment variables).\n\nCommands other than `create` operate against the project directory itself, rather than the current directory - a search up the current directory\'s parents is made to find the project directory. Thus, any command (other than `create`) can be used from any subdirectory whose parent is a cordova project directory (same as git).\n\n## merges/\nPlatform-specific web assets (HTML, CSS and JavaScript files) are contained within appropriate subfolders in this directory. These are deployed during a `prepare` to the appropriate native directory.  Files placed under `merges/` will override matching files in the `www/` folder for the relevant platform. A quick example, assuming a project structure of:\n\n    merges/\n    |-- ios/\n    | `-- app.js\n    |-- android/\n    | `-- android.js\n    www/\n    `-- app.js\n\nAfter building the Android and iOS projects, the Android application will contain both `app.js` and `android.js`. However, the iOS application will only contain an `app.js`, and it will be the one from `merges/ios/app.js`, overriding the "common" `app.js` located inside `www/`.\n\n## www/\n\nContains the project\'s web artifacts, such as .html, .css and .js files. These are your main application assets. They will be copied on a `cordova prepare` to each platform\'s www directory.\n\n### Your Blanket: config.xml\n\nThis file is what you should be editing to modify your application\'s metadata. Any time you run any cordova-cli commands, the tool will look at the contents of `config.xml` and use all relevant info from this file to define native application information. cordova-cli supports changing your application\'s data via the following elements inside the `config.xml` file:\n\n- The user-facing name can be modified via the contents of the `<name>` element.\n- The package name (AKA bundle identifier or application id) can be modified via the `id` attribute from the top-level `<widget>` element.\n- The version can be modified via the `version` attribute from the top-level `<widget>` element.\n- The whitelist can be modified using the `<access>` elements. Make sure the `origin` attribute of your `<access>` element points to a valid URL (you can use `*` as wildcard). For more information on the whitelisting syntax, see the [docs.phonegap.com](http://docs.phonegap.com/en/2.2.0/guide_whitelist_index.md.html#Domain%20Whitelist%20Guide). You can use either attribute `uri` ([BlackBerry-proprietary](https://developer.blackberry.com/html5/documentation/access_element_834677_11.html)) or `origin` ([standards-compliant](http://www.w3.org/TR/widgets-access/#attributes)) to denote the domain.\n- Platform-specific preferences can be customized via `<preference>` tags. See [docs.phonegap.com](http://docs.phonegap.com/en/2.3.0/guide_project-settings_index.md.html#Project%20Settings) for a list of preferences you can use.\n- The entry/start page for your application can be defined via the `<content src>` element + attribute.\n\n## platforms/\nPlatforms added to your application will have the native application project structures laid out within this directory.\n\n## plugins/\nAny added plugins will be extracted or copied into this directory.\n\n# Hooks\n\nProjects created by cordova-cli have `before` and `after` hooks for each [project command](#project_commands).\n\nThere are two types of hooks: project-specific ones and module-level ones. Both of these types of hooks receive the project root folder as a parameter.\n\n## Project-specific Hooks\n\nThese are located under the `.cordova/hooks` directory in the root of your cordova project. Any scripts you add to these directories will be executed before and after the appropriate commands. Useful for integrating your own build systems or integrating with version control systems. __Remember__: make your scripts executable.\n\n### Examples\n\n- [`before_build` hook for jade template compiling](https://gist.github.com/4100866) courtesy of [dpogue](http://github.com/dpogue)\n\n## Module-level Hooks\n\nIf you are using cordova-cli as a module within a larger node application, you can also use the standard `EventEmitter` methods to attach to the events. The events include `before_build`, `before_compile`, `before_docs`, `before_emulate`, `before_run`, `before_platform_add`, `before_library_download`, `before_platform_ls`, `before_platform_rm`, `before_plugin_add`, `before_plugin_ls`, `before_plugin_rm` and `before_prepare`. There is also a `library_download` progress event. Additionally, there are `after_` flavours of all the above events.\n\nOnce you `require(\'cordova\')` in your node project, you will have the usual `EventEmitter` methods available (`on`, `off` or `removeListener`, `removeAllListeners`, and `emit` or `trigger`).\n\n# Examples\n\n## Creating a new cordova project\nThis example shows how to create a project from scratch named KewlApp with iOS and Android platform support, and includes a plugin named Kewlio. The project will live in ~/KewlApp\n\n    cordova create ~/KewlApp KewlApp\n    cd ~/KewlApp\n    cordova platform add ios android\n    cordova plugin add http://example.org/Kewlio-1.2.3.tar.gz\n    cordova build \n\nThe directory structure of KewlApp now looks like this:\n\n    KewlApp/\n    |-- .cordova/\n    |-- merges/\n    | |-- android/\n    | `-- ios/\n    |-- www/\n    | `-- index.html\n    |-- platforms/\n    | |-- android/\n    | | `-- …\n    | `-- ios/\n    |   `-- …\n    `-- plugins/\n      `-- Kewlio/\n\n# Contributing\n\n## Running Tests\n\n    npm test\n\n## TO-DO + Issues\n\nPlease check [Cordova issues with the CLI Component](http://issues.cordova.io). If you find issues with this tool, please be so kind as to include relevant information needed to debug issues such as:\n\n- Your operating system and version\n- The application name, directory location, and identifier used with `create`\n- Which mobile SDKs you have installed, and which version. Related to this: which Xcode version if you are submitting issues related to iOS\n- Any error stack traces you received\n\n## Contributors\n\nThanks to everyone for contributing! For a list of people involved, please see the `package.json` file.\n\n\n# Known Issues and Troubleshooting\n\n## Any OS\n\n### Proxy Settings\n\ncordova-cli will use `npm`\'s proxy settings. If you downloaded cordova-cli via `npm` and are behind a proxy, chances are cordova-cli should work for you as it will use those settings in the first place. Make sure that the `https-proxy` and `proxy` npm config variables are set properly. See [npm\'s configuration documentation](https://npmjs.org/doc/config.html) for more information.\n\n## Windows\n\n### Trouble Adding Android as a Platform\n\nWhen trying to add a platform on a Windows machine if you run into the following error message:\n    cordova library for "android" already exists. No need to download. Continuing.\n    Checking if platform "android" passes minimum requirements...\n    Checking Android requirements...\n    Running "android list target" (output to follow)\n    \n    Error: The command `android` failed. Make sure you have the latest Android SDK installed, and the `android` command (inside the tools/ folder) added t\n    o your path. Output:\n    at C:\\Users\\me\\AppData\\Roaming\\npm\\node_modules\\cordova\\src\\platform.js:185:42\n    at C:\\Users\\me\\AppData\\Roaming\\npm\\node_modules\\cordova\\src\\metadata\\android_parser.js:50:13\n    at C:\\Users\\me\\AppData\\Roaming\\npm\\node_modules\\cordova\\node_modules\\shelljs\\shell.js:1707:7\n    at exithandler (child_process.js:633:7)\n    at ChildProcess.errorhandler (child_process.js:649:5)\n    at ChildProcess.EventEmitter.emit (events.js:95:17)\n    at Process.ChildProcess._handle.onexit (child_process.js:787:12)\n\nrun the command "android list target".  If you see:\n    \'xcopy\' is not recognized as an internal or external command,\n    operable program or batch file.\n\nat the beginning of the command output, it means you will need to update your Windows Path variable to include xcopy. This location is typically under C:\\Windows\\System32. \n\n',
33 silly resolved     readmeFilename: 'README.md',
33 silly resolved     _id: 'cordova@3.1.0-0.1.0',
33 silly resolved     _from: 'cordova@' } ]
34 info install cordova@3.1.0-0.1.0 into /usr/local/lib
35 info installOne cordova@3.1.0-0.1.0
36 info /usr/local/lib/node_modules/cordova unbuild
37 verbose tar unpack /Users/evilz/.npm/cordova/3.1.0-0.1.0/package.tgz
38 silly lockFile 9557e84b-r-local-lib-node-modules-cordova tar:///usr/local/lib/node_modules/cordova
39 verbose lock tar:///usr/local/lib/node_modules/cordova /Users/evilz/.npm/9557e84b-r-local-lib-node-modules-cordova.lock
40 silly lockFile 79a54802--cordova-3-1-0-0-1-0-package-tgz tar:///Users/evilz/.npm/cordova/3.1.0-0.1.0/package.tgz
41 verbose lock tar:///Users/evilz/.npm/cordova/3.1.0-0.1.0/package.tgz /Users/evilz/.npm/79a54802--cordova-3-1-0-0-1-0-package-tgz.lock
42 silly gunzTarPerm modes [ '755', '644' ]
43 error Error: EACCES, mkdir '/usr/local/lib/node_modules/cordova'
43 error  { [Error: EACCES, mkdir '/usr/local/lib/node_modules/cordova']
43 error   errno: 3,
43 error   code: 'EACCES',
43 error   path: '/usr/local/lib/node_modules/cordova',
43 error   fstream_type: 'Directory',
43 error   fstream_path: '/usr/local/lib/node_modules/cordova',
43 error   fstream_class: 'DirWriter',
43 error   fstream_stack:
43 error    [ '/usr/local/lib/node_modules/npm/node_modules/fstream/lib/dir-writer.js:36:23',
43 error      '/usr/local/lib/node_modules/npm/node_modules/mkdirp/index.js:37:53',
43 error      'Object.oncomplete (fs.js:107:15)' ] }
44 error Please try running this command again as root/Administrator.
45 error System Darwin 12.3.0
46 error command "node" "/usr/local/bin/npm" "install" "-g" "cordova"
47 error cwd /Users/evilz/First
48 error node -v v0.10.20
49 error npm -v 1.3.11
50 error path /usr/local/lib/node_modules/cordova
51 error fstream_path /usr/local/lib/node_modules/cordova
52 error fstream_type Directory
53 error fstream_class DirWriter
54 error code EACCES
55 error errno 3
56 error stack Error: EACCES, mkdir '/usr/local/lib/node_modules/cordova'
57 error fstream_stack /usr/local/lib/node_modules/npm/node_modules/fstream/lib/dir-writer.js:36:23
57 error fstream_stack /usr/local/lib/node_modules/npm/node_modules/mkdirp/index.js:37:53
57 error fstream_stack Object.oncomplete (fs.js:107:15)
58 verbose exit [ 3, true ]
